Arguments: 
  /Users/jayr/.nvm/versions/node/v10.7.0/bin/node /usr/local/bin/yarn

PATH: 
  /Users/jayr/.nvm/versions/node/v10.7.0/bin:/Library/Frameworks/Python.framework/Versions/3.7/bin:/usr/local/bin:/usr/bin:/bin:/usr/sbin:/sbin:/Library/Frameworks/Mono.framework/Versions/Current/Commands

Yarn version: 
  1.9.2

Node version: 
  10.7.0

Platform: 
  darwin x64

Trace: 
  SyntaxError: /Users/jayr/Projects/react/realtime-inventory/server/package.json: Unexpected token } in JSON at position 448
      at JSON.parse (<anonymous>)
      at /usr/local/lib/node_modules/yarn/lib/cli.js:1130:59
      at Generator.next (<anonymous>)
      at step (/usr/local/lib/node_modules/yarn/lib/cli.js:92:30)
      at /usr/local/lib/node_modules/yarn/lib/cli.js:103:13

npm manifest: 
  {
    "name": "server",
    "version": "1.0.0",
    "description": "Node js realtime api server",
    "main": "index.js",
    "scripts": {
      "dev": "nodemon -w server --exec \"babel-node src --presets es2015,stage-0\"",
      "start": "echo Starting Server",
      "test": "echo \"Error: no test specified\" && exit 1"
    },
    "author": "Jr Reyes",
    "license": "MIT",
    "dependencies": {
      "express": "^4.16.3",
      "http": "^0.0.0",
      "nedb": "^1.8.0",
    },
    "devDependencies": {
      "babel-cli": "^6.9.0",
      "babel-core": "^6.9.0",
      "babel-preset-es2015": "^6.9.0",
      "babel-preset-stage-0": "^6.5.0",
      "eslint": "^3.1.1",
      "nodemon": "^1.9.2"
    }
  
  }

yarn manifest: 
  No manifest

Lockfile: 
  # THIS IS AN AUTOGENERATED FILE. DO NOT EDIT THIS FILE DIRECTLY.
  # yarn lockfile v1
